[0m00:30:08.167162 [debug] [MainThread]: Sending event: {'category': 'dbt', 'action': 'invocation', 'label': 'start', 'context': [<snowplow_tracker.self_describing_json.SelfDescribingJson object at 0x7fcd0a06c100>, <snowplow_tracker.self_describing_json.SelfDescribingJson object at 0x7fcd091ed660>, <snowplow_tracker.self_describing_json.SelfDescribingJson object at 0x7fcd091ed600>]}


============================== 00:30:08.169111 | 48e4a916-5e36-4a0b-ae5e-858f4674e90a ==============================
[0m00:30:08.169111 [info ] [MainThread]: Running with dbt=1.9.2
[0m00:30:08.169425 [debug] [MainThread]: running dbt with arguments {'printer_width': '80', 'indirect_selection': 'eager', 'log_cache_events': 'False', 'write_json': 'True', 'partial_parse': 'True', 'cache_selected_only': 'False', 'warn_error': 'None', 'fail_fast': 'False', 'profiles_dir': '/home/hanafi/.dbt', 'log_path': 'logs', 'version_check': 'True', 'debug': 'False', 'use_colors': 'True', 'use_experimental_parser': 'False', 'no_print': 'None', 'quiet': 'False', 'empty': 'None', 'warn_error_options': 'WarnErrorOptions(include=[], exclude=[])', 'static_parser': 'True', 'invocation_command': 'dbt init meltano_citybike', 'log_format': 'default', 'target_path': 'None', 'introspect': 'True', 'send_anonymous_usage_stats': 'True'}
[0m00:30:08.181556 [debug] [MainThread]: Starter project path: /home/hanafi/miniconda3/envs/dsai_project/lib/python3.10/site-packages/dbt/include/starter_project
[0m00:30:08.185507 [info ] [MainThread]: 
Your new dbt project "meltano_citybike" was created!

For more information on how to configure the profiles.yml file,
please consult the dbt documentation here:

  https://docs.getdbt.com/docs/configure-your-profile

One more thing:

Need help? Don't hesitate to reach out to us via GitHub issues or on Slack:

  https://community.getdbt.com/

Happy modeling!

[0m00:30:08.185864 [info ] [MainThread]: Setting up your profile.
[0m00:37:32.642400 [error] [MainThread]: Encountered an error:

[0m00:37:32.646337 [error] [MainThread]: Traceback (most recent call last):
  File "/home/hanafi/miniconda3/envs/dsai_project/lib/python3.10/site-packages/dbt/cli/requires.py", line 153, in wrapper
    result, success = func(*args, **kwargs)
  File "/home/hanafi/miniconda3/envs/dsai_project/lib/python3.10/site-packages/dbt/cli/requires.py", line 103, in wrapper
    return func(*args, **kwargs)
  File "/home/hanafi/miniconda3/envs/dsai_project/lib/python3.10/site-packages/dbt/cli/main.py", line 477, in init
    results = task.run()
  File "/home/hanafi/miniconda3/envs/dsai_project/lib/python3.10/site-packages/dbt/task/init.py", line 346, in run
    self.setup_profile(profile_name)
  File "/home/hanafi/miniconda3/envs/dsai_project/lib/python3.10/site-packages/dbt/task/init.py", line 262, in setup_profile
    self.create_profile_from_target(adapter, profile_name=profile_name)
  File "/home/hanafi/miniconda3/envs/dsai_project/lib/python3.10/site-packages/dbt/task/init.py", line 179, in create_profile_from_target
    self.create_profile_from_profile_template(profile_template, profile_name)
  File "/home/hanafi/miniconda3/envs/dsai_project/lib/python3.10/site-packages/dbt/task/init.py", line 163, in create_profile_from_profile_template
    target = self.generate_target_from_input(prompts, initial_target)
  File "/home/hanafi/miniconda3/envs/dsai_project/lib/python3.10/site-packages/dbt/task/init.py", line 129, in generate_target_from_input
    target[key] = click.prompt(
  File "/home/hanafi/miniconda3/envs/dsai_project/lib/python3.10/site-packages/click/termui.py", line 164, in prompt
    value = prompt_func(prompt)
  File "/home/hanafi/miniconda3/envs/dsai_project/lib/python3.10/site-packages/click/termui.py", line 147, in prompt_func
    raise Abort() from None
click.exceptions.Abort

[0m00:37:32.647042 [debug] [MainThread]: Resource report: {"command_name": "init", "command_success": false, "command_wall_clock_time": 457.08517, "process_in_blocks": "744", "process_kernel_time": 0.126912, "process_mem_max_rss": "245480", "process_out_blocks": "72", "process_user_time": 1.191028}
[0m00:37:32.647406 [debug] [MainThread]: Command `dbt init` failed at 00:37:32.647324 after 457.09 seconds
[0m00:37:32.647894 [debug] [MainThread]: Sending event: {'category': 'dbt', 'action': 'invocation', 'label': 'end', 'context': [<snowplow_tracker.self_describing_json.SelfDescribingJson object at 0x7fcd0a06c100>, <snowplow_tracker.self_describing_json.SelfDescribingJson object at 0x7fcce7c27d00>, <snowplow_tracker.self_describing_json.SelfDescribingJson object at 0x7fcce7c257e0>]}
[0m00:37:32.648549 [debug] [MainThread]: Flushing usage events
[0m00:37:33.869131 [debug] [MainThread]: An error was encountered while trying to flush usage events
[0m17:01:01.851192 [debug] [MainThread]: Sending event: {'category': 'dbt', 'action': 'invocation', 'label': 'start', 'context': [<snowplow_tracker.self_describing_json.SelfDescribingJson object at 0x7fe3e5db4160>, <snowplow_tracker.self_describing_json.SelfDescribingJson object at 0x7fe3e4f35690>, <snowplow_tracker.self_describing_json.SelfDescribingJson object at 0x7fe3e4f35630>]}


============================== 17:01:01.853846 | 0cd4cdf1-f1da-41fb-9f24-09052daf808a ==============================
[0m17:01:01.853846 [info ] [MainThread]: Running with dbt=1.9.2
[0m17:01:01.854193 [debug] [MainThread]: running dbt with arguments {'printer_width': '80', 'indirect_selection': 'eager', 'write_json': 'True', 'log_cache_events': 'False', 'partial_parse': 'True', 'cache_selected_only': 'False', 'profiles_dir': '/home/hanafi/.dbt', 'debug': 'False', 'warn_error': 'None', 'log_path': 'logs', 'fail_fast': 'False', 'version_check': 'True', 'use_colors': 'True', 'use_experimental_parser': 'False', 'empty': 'None', 'quiet': 'False', 'no_print': 'None', 'log_format': 'default', 'invocation_command': 'dbt init', 'introspect': 'True', 'warn_error_options': 'WarnErrorOptions(include=[], exclude=[])', 'target_path': 'None', 'static_parser': 'True', 'send_anonymous_usage_stats': 'True'}
[0m17:01:23.423489 [debug] [MainThread]: Starter project path: /home/hanafi/miniconda3/envs/dsai_project/lib/python3.10/site-packages/dbt/include/starter_project
[0m17:01:23.427367 [info ] [MainThread]: 
Your new dbt project "citibike_dbt" was created!

For more information on how to configure the profiles.yml file,
please consult the dbt documentation here:

  https://docs.getdbt.com/docs/configure-your-profile

One more thing:

Need help? Don't hesitate to reach out to us via GitHub issues or on Slack:

  https://community.getdbt.com/

Happy modeling!

[0m17:01:23.427668 [info ] [MainThread]: Setting up your profile.
[0m17:22:01.821561 [info ] [MainThread]: Profile citibike_dbt written to /home/hanafi/.dbt/profiles.yml using target's profile_template.yml and your supplied values. Run 'dbt debug' to validate the connection.
[0m17:22:01.823323 [debug] [MainThread]: Resource report: {"command_name": "init", "command_success": true, "command_wall_clock_time": 1257.5695, "process_in_blocks": "254528", "process_kernel_time": 0.355528, "process_mem_max_rss": "247536", "process_out_blocks": "88", "process_user_time": 1.240674}
[0m17:22:01.823847 [debug] [MainThread]: Command `dbt init` succeeded at 17:22:01.823741 after 1257.57 seconds
[0m17:22:01.824352 [debug] [MainThread]: Sending event: {'category': 'dbt', 'action': 'invocation', 'label': 'end', 'context': [<snowplow_tracker.self_describing_json.SelfDescribingJson object at 0x7fe3e5db4160>, <snowplow_tracker.self_describing_json.SelfDescribingJson object at 0x7fe3e4f364d0>, <snowplow_tracker.self_describing_json.SelfDescribingJson object at 0x7fe3e4f37400>]}
[0m17:22:01.824945 [debug] [MainThread]: Flushing usage events
[0m17:22:02.835743 [debug] [MainThread]: An error was encountered while trying to flush usage events
[0m13:14:42.997223 [debug] [MainThread]: Sending event: {'category': 'dbt', 'action': 'invocation', 'label': 'start', 'context': [<snowplow_tracker.self_describing_json.SelfDescribingJson object at 0x7fce4c078160>, <snowplow_tracker.self_describing_json.SelfDescribingJson object at 0x7fce4b1f5690>, <snowplow_tracker.self_describing_json.SelfDescribingJson object at 0x7fce4b1f5630>]}


============================== 13:14:43.004169 | 657c5058-6b79-481d-951e-bb2311516b01 ==============================
[0m13:14:43.004169 [info ] [MainThread]: Running with dbt=1.9.2
[0m13:14:43.005115 [debug] [MainThread]: running dbt with arguments {'printer_width': '80', 'indirect_selection': 'eager', 'write_json': 'True', 'log_cache_events': 'False', 'partial_parse': 'True', 'cache_selected_only': 'False', 'profiles_dir': '/home/hanafi/.dbt', 'debug': 'False', 'fail_fast': 'False', 'log_path': 'logs', 'version_check': 'True', 'warn_error': 'None', 'use_colors': 'True', 'use_experimental_parser': 'False', 'empty': 'None', 'quiet': 'False', 'no_print': 'None', 'warn_error_options': 'WarnErrorOptions(include=[], exclude=[])', 'introspect': 'True', 'log_format': 'default', 'static_parser': 'True', 'target_path': 'None', 'invocation_command': 'dbt deps', 'send_anonymous_usage_stats': 'True'}
[0m13:14:43.006097 [error] [MainThread]: Encountered an error:
Runtime Error
  No dbt_project.yml found at expected path /home/hanafi/ntu-sctp-dsai1f-project-team6/dbt_project.yml
  Verify that each entry within packages.yml (and their transitive dependencies) contains a file named dbt_project.yml
  
[0m13:14:43.010109 [debug] [MainThread]: Resource report: {"command_name": "deps", "command_success": false, "command_wall_clock_time": 0.11602665, "process_in_blocks": "248", "process_kernel_time": 1.038634, "process_mem_max_rss": "90084", "process_out_blocks": "16", "process_user_time": 2.318567}
[0m13:14:43.013810 [debug] [MainThread]: Command `dbt deps` failed at 13:14:43.013006 after 0.12 seconds
[0m13:14:43.015626 [debug] [MainThread]: Sending event: {'category': 'dbt', 'action': 'invocation', 'label': 'end', 'context': [<snowplow_tracker.self_describing_json.SelfDescribingJson object at 0x7fce4c078160>, <snowplow_tracker.self_describing_json.SelfDescribingJson object at 0x7fce4b1f5e10>, <snowplow_tracker.self_describing_json.SelfDescribingJson object at 0x7fce4b1f58d0>]}
[0m13:14:43.016423 [debug] [MainThread]: Flushing usage events
[0m13:14:44.345362 [debug] [MainThread]: An error was encountered while trying to flush usage events
[0m15:51:35.456105 [debug] [MainThread]: Sending event: {'category': 'dbt', 'action': 'invocation', 'label': 'start', 'context': [<snowplow_tracker.self_describing_json.SelfDescribingJson object at 0x7f20df7e41c0>, <snowplow_tracker.self_describing_json.SelfDescribingJson object at 0x7f20de961750>, <snowplow_tracker.self_describing_json.SelfDescribingJson object at 0x7f20de9616f0>]}


============================== 15:51:35.459325 | 12044cc6-edd6-4f6b-8052-4f13f81ca767 ==============================
[0m15:51:35.459325 [info ] [MainThread]: Running with dbt=1.9.2
[0m15:51:35.460101 [debug] [MainThread]: running dbt with arguments {'printer_width': '80', 'indirect_selection': 'eager', 'write_json': 'True', 'log_cache_events': 'False', 'partial_parse': 'True', 'cache_selected_only': 'False', 'warn_error': 'None', 'debug': 'False', 'version_check': 'True', 'log_path': 'logs', 'fail_fast': 'False', 'profiles_dir': '/home/hanafi/.dbt', 'use_colors': 'True', 'use_experimental_parser': 'False', 'no_print': 'None', 'quiet': 'False', 'empty': 'None', 'warn_error_options': 'WarnErrorOptions(include=[], exclude=[])', 'introspect': 'True', 'log_format': 'default', 'static_parser': 'True', 'target_path': 'None', 'invocation_command': 'dbt debug', 'send_anonymous_usage_stats': 'True'}
[0m15:51:35.467281 [info ] [MainThread]: dbt version: 1.9.2
[0m15:51:35.467719 [info ] [MainThread]: python version: 3.10.18
[0m15:51:35.467985 [info ] [MainThread]: python path: /home/hanafi/miniconda3/envs/dsai_project/bin/python3.10
[0m15:51:35.468243 [info ] [MainThread]: os info: Linux-5.15.167.4-microsoft-standard-WSL2-x86_64-with-glibc2.39
[0m15:51:36.476989 [info ] [MainThread]: Using profiles dir at /home/hanafi/.dbt
[0m15:51:36.477435 [info ] [MainThread]: Using profiles.yml file at /home/hanafi/.dbt/profiles.yml
[0m15:51:36.477679 [info ] [MainThread]: Using dbt_project.yml file at /home/hanafi/ntu-sctp-dsai1f-project-team6/dbt_project.yml
[0m15:51:36.477958 [info ] [MainThread]: adapter type: bigquery
[0m15:51:36.478171 [info ] [MainThread]: adapter version: 1.9.1
[0m15:51:36.478380 [info ] [MainThread]: Configuration:
[0m15:51:36.478572 [info ] [MainThread]:   profiles.yml file [[32mOK found and valid[0m]
[0m15:51:36.478777 [info ] [MainThread]:   dbt_project.yml file [[31mERROR not found[0m]
[0m15:51:36.478974 [info ] [MainThread]: Required dependencies:
[0m15:51:36.479185 [debug] [MainThread]: Executing "git --help"
[0m15:51:36.481014 [debug] [MainThread]: STDOUT: "b"usage: git [-v | --version] [-h | --help] [-C <path>] [-c <name>=<value>]\n           [--exec-path[=<path>]] [--html-path] [--man-path] [--info-path]\n           [-p | --paginate | -P | --no-pager] [--no-replace-objects] [--no-lazy-fetch]\n           [--no-optional-locks] [--no-advice] [--bare] [--git-dir=<path>]\n           [--work-tree=<path>] [--namespace=<name>] [--config-env=<name>=<envvar>]\n           <command> [<args>]\n\nThese are common Git commands used in various situations:\n\nstart a working area (see also: git help tutorial)\n   clone      Clone a repository into a new directory\n   init       Create an empty Git repository or reinitialize an existing one\n\nwork on the current change (see also: git help everyday)\n   add        Add file contents to the index\n   mv         Move or rename a file, a directory, or a symlink\n   restore    Restore working tree files\n   rm         Remove files from the working tree and from the index\n\nexamine the history and state (see also: git help revisions)\n   bisect     Use binary search to find the commit that introduced a bug\n   diff       Show changes between commits, commit and working tree, etc\n   grep       Print lines matching a pattern\n   log        Show commit logs\n   show       Show various types of objects\n   status     Show the working tree status\n\ngrow, mark and tweak your common history\n   backfill   Download missing objects in a partial clone\n   branch     List, create, or delete branches\n   commit     Record changes to the repository\n   merge      Join two or more development histories together\n   rebase     Reapply commits on top of another base tip\n   reset      Reset current HEAD to the specified state\n   switch     Switch branches\n   tag        Create, list, delete or verify a tag object signed with GPG\n\ncollaborate (see also: git help workflows)\n   fetch      Download objects and refs from another repository\n   pull       Fetch from and integrate with another repository or a local branch\n   push       Update remote refs along with associated objects\n\n'git help -a' and 'git help -g' list available subcommands and some\nconcept guides. See 'git help <command>' or 'git help <concept>'\nto read about a specific subcommand or concept.\nSee 'git help git' for an overview of the system.\n""
[0m15:51:36.481295 [debug] [MainThread]: STDERR: "b''"
[0m15:51:36.481487 [info ] [MainThread]:  - git [[32mOK found[0m]

[0m15:51:36.481721 [info ] [MainThread]: Connection:
[0m15:51:36.481931 [info ] [MainThread]:   method: oauth
[0m15:51:36.482122 [info ] [MainThread]:   database: forward-garden-461903-m9
[0m15:51:36.482321 [info ] [MainThread]:   execution_project: forward-garden-461903-m9
[0m15:51:36.482547 [info ] [MainThread]:   schema: citibike
[0m15:51:36.482738 [info ] [MainThread]:   location: US
[0m15:51:36.482954 [info ] [MainThread]:   priority: None
[0m15:51:36.484306 [info ] [MainThread]:   maximum_bytes_billed: None
[0m15:51:36.484572 [info ] [MainThread]:   impersonate_service_account: None
[0m15:51:36.484825 [info ] [MainThread]:   job_retry_deadline_seconds: None
[0m15:51:36.485067 [info ] [MainThread]:   job_retries: 1
[0m15:51:36.485368 [info ] [MainThread]:   job_creation_timeout_seconds: None
[0m15:51:36.485610 [info ] [MainThread]:   job_execution_timeout_seconds: None
[0m15:51:36.485845 [info ] [MainThread]:   timeout_seconds: None
[0m15:51:36.486074 [info ] [MainThread]:   client_id: None
[0m15:51:36.486309 [info ] [MainThread]:   token_uri: None
[0m15:51:36.486522 [info ] [MainThread]:   dataproc_region: None
[0m15:51:36.486738 [info ] [MainThread]:   dataproc_cluster_name: None
[0m15:51:36.486968 [info ] [MainThread]:   gcs_bucket: None
[0m15:51:36.487575 [info ] [MainThread]:   dataproc_batch: None
[0m15:51:36.489164 [info ] [MainThread]: Registered adapter: bigquery=1.9.1
[0m15:51:36.582022 [debug] [MainThread]: Acquiring new bigquery connection 'debug'
[0m15:51:36.582430 [debug] [MainThread]: On debug: select 1 as id
[0m15:51:36.582686 [debug] [MainThread]: Opening a new connection, currently in state init
[0m15:51:38.110891 [debug] [MainThread]: BigQuery adapter: https://console.cloud.google.com/bigquery?project=forward-garden-461903-m9&j=bq:US:fb731f0a-ca47-499c-8573-1372babb9957&page=queryresults
[0m15:51:38.944812 [info ] [MainThread]:   Connection test: [[32mOK connection ok[0m]

[0m15:51:38.945309 [info ] [MainThread]: [31m1 check failed:[0m
[0m15:51:38.945630 [info ] [MainThread]: Project loading failed for the following reason:
 project path </home/hanafi/ntu-sctp-dsai1f-project-team6/dbt_project.yml> not found

[0m15:51:38.946103 [debug] [MainThread]: Resource report: {"command_name": "debug", "command_success": false, "command_wall_clock_time": 3.5400822, "process_in_blocks": "8", "process_kernel_time": 0.222079, "process_mem_max_rss": "253808", "process_out_blocks": "24", "process_user_time": 2.210215}
[0m15:51:38.946514 [debug] [MainThread]: Command `dbt debug` failed at 15:51:38.946414 after 3.54 seconds
[0m15:51:38.946788 [debug] [MainThread]: Connection 'debug' was properly closed.
[0m15:51:38.947057 [debug] [MainThread]: Sending event: {'category': 'dbt', 'action': 'invocation', 'label': 'end', 'context': [<snowplow_tracker.self_describing_json.SelfDescribingJson object at 0x7f20df7e41c0>, <snowplow_tracker.self_describing_json.SelfDescribingJson object at 0x7f20bd2154b0>, <snowplow_tracker.self_describing_json.SelfDescribingJson object at 0x7f20bd2154e0>]}
[0m15:51:38.947397 [debug] [MainThread]: Flushing usage events
[0m15:51:40.148684 [debug] [MainThread]: An error was encountered while trying to flush usage events
